[29184:7232466:0520/093905.513193:INFO:components/enterprise/browser/controller/chrome_browser_cloud_management_controller.cc:202] No machine level policy manager exists.
[29184:7232466:0520/093906.948691:INFO:CONSOLE:9640] "LegacyDataMixin will be applied to all legacy elements.
Set `_legacyUndefinedCheck: true` on element class to enable.", source: https://www.youtube.com/s/_/ytmainappweb/_/js/k=ytmainappweb.kevlar_base.en_US.jLwiDPHL-AA.es5.O/am=AAAI/d=0/br=1/rs=AGKMywHBsP_SKCRrhiPk_C4VTcLupAN3UA (9640)
[29184:7232466:0520/093907.246704:INFO:CONSOLE:0] "Banner not shown: beforeinstallpromptevent.preventDefault() called. The page must call beforeinstallpromptevent.prompt() to show the banner.", source: https://www.youtube.com/ (0)
[29184:7232466:0520/093907.324198:WARNING:chrome/browser/media/prefs/capture_device_ranking.h:255] Can't initialize the value of media.audio_input.user_preference_ranking because media.default_audio_capture_device isn't registered or is empty
[29184:7232466:0520/093907.324225:WARNING:chrome/browser/media/prefs/capture_device_ranking.h:255] Can't initialize the value of media.video_input.user_preference_ranking because media.default_video_capture_Device isn't registered or is empty
[29184:7232466:0520/093909.313832:INFO:CONSOLE:0] "requestStorageAccessFor: Permission denied.", source: https://www.youtube.com/ (0)
[29184:7232466:0520/093909.313862:INFO:CONSOLE:0] "requestStorageAccessFor: Must be handling a user gesture to use.", source: https://www.youtube.com/ (0)
[29184:7232466:0520/093909.313876:INFO:CONSOLE:0] "requestStorageAccessFor: Must be handling a user gesture to use.", source: https://www.youtube.com/ (0)
[29184:7232466:0520/093909.313888:INFO:CONSOLE:0] "requestStorageAccessFor: Must be handling a user gesture to use.", source: https://www.youtube.com/ (0)
[29184:7232466:0520/093909.313961:INFO:CONSOLE:0] "requestStorageAccessFor: Permission denied.", source: https://www.youtube.com/ (0)
[29184:7232466:0520/093909.313982:INFO:CONSOLE:0] "requestStorageAccessFor: Permission denied.", source: https://www.youtube.com/ (0)
[29184:7232466:0520/093909.545892:INFO:CONSOLE:0] "[DOM] Input elements should have autocomplete attributes (suggested: "current-password"): (More info: https://goo.gl/9p2vKq) %o", source: https://accounts.google.com/v3/signin/identifier?continue=https%3A%2F%2Fwww.youtube.com%2Fsignin%3Faction_handle_signin%3Dtrue%26app%3Ddesktop%26hl%3Den%26next%3Dhttps%253A%252F%252Fwww.youtube.com%252F&hl=en&ifkv=ASKV5MikKr3Nt0n3QCZoL9GaFadFv63rbFqIXtlb1xWuwf3v5sex8y69SFjnendcHcCfd3I1gRZtfg&passive=true&service=youtube&uilel=3&flowName=GlifWebSignIn&flowEntry=ServiceLogin&dsh=S187804748%3A1747726749396754 (0)
[29184:7232466:0520/093909.549162:INFO:CONSOLE:438] "%c%s color: red; background: yellow; font-size: 24px; WARNING!", source: https://www.gstatic.com/_/mss/boq-identity/_/js/k=boq-identity.AccountsSignInUi.en.NDLLMFEP-JU.es5.O/am=yQEwVjpyjUBARBSzIJ0FRgJCBgAAAAAAAAAAbQEAAMwxAAI/d=1/excm=_b,_tp,identifierview/ed=1/dg=0/wt=2/ujg=1/rs=AOaEmlGfFQPQEdR3xPSbMFtB1pJzdL7m7Q/m=_b,_tp (438)
[29184:7232466:0520/093909.549186:INFO:CONSOLE:438] "%c%s font-size: 18px; Using this console may allow attackers to impersonate you and steal your information using an attack called Self-XSS.
Do not enter or paste code that you do not understand.", source: https://www.gstatic.com/_/mss/boq-identity/_/js/k=boq-identity.AccountsSignInUi.en.NDLLMFEP-JU.es5.O/am=yQEwVjpyjUBARBSzIJ0FRgJCBgAAAAAAAAAAbQEAAMwxAAI/d=1/excm=_b,_tp,identifierview/ed=1/dg=0/wt=2/ujg=1/rs=AOaEmlGfFQPQEdR3xPSbMFtB1pJzdL7m7Q/m=_b,_tp (438)
[29184:7232466:0520/093909.643034:WARNING:services/device/public/cpp/hid/hid_collection.cc:240] encountered report item with invalid report size (16384>32)
[29184:7232466:0520/093909.643097:WARNING:services/device/public/cpp/hid/hid_collection.cc:240] encountered report item with invalid report size (16384>32)
[29184:7232466:0520/093909.643139:WARNING:services/device/public/cpp/hid/hid_collection.cc:240] encountered report item with invalid report size (16384>32)
[29184:7232466:0520/093909.643183:WARNING:services/device/public/cpp/hid/hid_collection.cc:240] encountered report item with invalid report size (16384>32)
[29184:7232466:0520/093909.643214:WARNING:services/device/public/cpp/hid/hid_collection.cc:240] encountered report item with invalid report size (16384>32)
[29184:7232466:0520/093909.643244:WARNING:services/device/public/cpp/hid/hid_collection.cc:240] encountered report item with invalid report size (16384>32)
[29184:7232466:0520/093909.643267:WARNING:services/device/public/cpp/hid/hid_collection.cc:240] encountered report item with invalid report size (16024>32)
[29184:7232466:0520/093909.643270:WARNING:services/device/public/cpp/hid/hid_collection.cc:240] encountered report item with invalid report size (1048>32)
[29184:7232466:0520/093909.643351:WARNING:services/device/public/cpp/hid/hid_collection.cc:240] encountered report item with invalid report size (50>32)
[29184:7232466:0520/093909.699554:WARNING:chrome/browser/media/prefs/capture_device_ranking.h:255] Can't initialize the value of media.audio_input.user_preference_ranking because media.default_audio_capture_device isn't registered or is empty
[29184:7232466:0520/093909.699572:WARNING:chrome/browser/media/prefs/capture_device_ranking.h:255] Can't initialize the value of media.video_input.user_preference_ranking because media.default_video_capture_Device isn't registered or is empty
[29184:7232466:0520/093909.716713:WARNING:chrome/browser/media/prefs/capture_device_ranking.h:255] Can't initialize the value of media.audio_input.user_preference_ranking because media.default_audio_capture_device isn't registered or is empty
[29184:7232466:0520/093909.716743:WARNING:chrome/browser/media/prefs/capture_device_ranking.h:255] Can't initialize the value of media.video_input.user_preference_ranking because media.default_video_capture_Device isn't registered or is empty
[29184:7232466:0520/093915.743265:WARNING:components/download/internal/background_service/controller_impl.cc:1187] Background download complete, client: 6, completion type: 0, file size:5156
[29184:7232466:0520/093915.843237:WARNING:components/download/internal/background_service/controller_impl.cc:1187] Background download complete, client: 6, completion type: 0, file size:265059
[29184:7232466:0520/093915.910020:WARNING:components/download/internal/background_service/controller_impl.cc:1187] Background download complete, client: 6, completion type: 0, file size:883094
[29184:7232466:0520/093916.002543:WARNING:components/download/internal/background_service/controller_impl.cc:1187] Background download complete, client: 6, completion type: 0, file size:45157
[29184:7232466:0520/093916.170459:WARNING:components/download/internal/background_service/controller_impl.cc:1187] Background download complete, client: 6, completion type: 0, file size:2200227
[29184:7232466:0520/093916.554614:WARNING:components/download/internal/background_service/controller_impl.cc:1187] Background download complete, client: 6, completion type: 0, file size:2992963
[29184:7232466:0520/093916.646601:WARNING:components/download/internal/background_service/controller_impl.cc:1187] Background download complete, client: 6, completion type: 0, file size:4680
[29184:7232466:0520/093916.648604:WARNING:components/download/internal/background_service/controller_impl.cc:1187] Background download complete, client: 6, completion type: 0, file size:2747169
[29184:7232466:0520/093916.739550:WARNING:components/download/internal/background_service/controller_impl.cc:1187] Background download complete, client: 6, completion type: 0, file size:118577
[29184:7232466:0520/093923.971397:INFO:CONSOLE:0] "[DOM] Input elements should have autocomplete attributes (suggested: "current-password"): (More info: https://goo.gl/9p2vKq) %o", source: https://accounts.google.com/v3/signin/identifier?continue=https%3A%2F%2Fwww.youtube.com%2Fsignin%3Faction_handle_signin%3Dtrue%26app%3Ddesktop%26hl%3Den%26next%3Dhttps%253A%252F%252Fwww.youtube.com%252F&flowEntry=ServiceLogin&flowName=GlifWebSignIn&hl=en&ifkv=ASKV5Mhte5vRt0f4_XSYgDES-yTnMZ9p9bEkpoaRbAV-b_1daWknVkT8Q44sclA8eMnyJWyqrWrRig&service=youtube&dsh=S53718213%3A1747726763826650 (0)
[29184:7232466:0520/093923.975371:INFO:CONSOLE:438] "%c%s color: red; background: yellow; font-size: 24px; WARNING!", source: https://www.gstatic.com/_/mss/boq-identity/_/js/k=boq-identity.AccountsSignInUi.en.NDLLMFEP-JU.es5.O/am=yQEwVjoyjUBARBSzIJ0FRgJCBgAAAAAAAAAAbQEAAMwxAAI/d=1/excm=_b,_tp,identifierview/ed=1/dg=0/wt=2/ujg=1/rs=AOaEmlHYSoX1xyT5VlpGR93iFQfty0dPvQ/m=_b,_tp (438)
[29184:7232466:0520/093923.975400:INFO:CONSOLE:438] "%c%s font-size: 18px; Using this console may allow attackers to impersonate you and steal your information using an attack called Self-XSS.
Do not enter or paste code that you do not understand.", source: https://www.gstatic.com/_/mss/boq-identity/_/js/k=boq-identity.AccountsSignInUi.en.NDLLMFEP-JU.es5.O/am=yQEwVjoyjUBARBSzIJ0FRgJCBgAAAAAAAAAAbQEAAMwxAAI/d=1/excm=_b,_tp,identifierview/ed=1/dg=0/wt=2/ujg=1/rs=AOaEmlHYSoX1xyT5VlpGR93iFQfty0dPvQ/m=_b,_tp (438)
[29184:7232466:0520/093924.102027:WARNING:chrome/browser/media/prefs/capture_device_ranking.h:255] Can't initialize the value of media.audio_input.user_preference_ranking because media.default_audio_capture_device isn't registered or is empty
[29184:7232466:0520/093924.102058:WARNING:chrome/browser/media/prefs/capture_device_ranking.h:255] Can't initialize the value of media.video_input.user_preference_ranking because media.default_video_capture_Device isn't registered or is empty
[29184:7232466:0520/093924.120310:WARNING:chrome/browser/media/prefs/capture_device_ranking.h:255] Can't initialize the value of media.audio_input.user_preference_ranking because media.default_audio_capture_device isn't registered or is empty
[29184:7232466:0520/093924.120337:WARNING:chrome/browser/media/prefs/capture_device_ranking.h:255] Can't initialize the value of media.video_input.user_preference_ranking because media.default_video_capture_Device isn't registered or is empty
